2025-12-26 14:19:09,212 | INFO | ========== PIPELINE STARTED ==========
2025-12-26 14:19:09,213 | INFO | Starting step: data_generation (Attempt 1)
2025-12-26 14:19:14,158 | INFO | Completed step: data_generation in 4.94s
2025-12-26 14:19:14,158 | INFO | Starting step: data_ingestion (Attempt 1)
2025-12-26 14:19:20,091 | INFO | Completed step: data_ingestion in 5.93s
2025-12-26 14:19:20,092 | INFO | Starting step: data_quality_checks (Attempt 1)
2025-12-26 14:19:20,161 | ERROR | Error in step data_quality_checks
2025-12-26 14:19:20,161 | ERROR | python: can't open file 'D:\\ecommerce-data-pipeline-23A91A05I4\\scripts\\quality\\data_quality_checks.py': [Errno 2] No such file or directory

2025-12-26 14:19:20,175 | ERROR | Traceback (most recent call last):
  File "D:\ecommerce-data-pipeline-23A91A05I4\scripts\pipeline_orchestrator.py", line 67, in run_step
    subprocess.run(
  File "C:\Users\HP\AppData\Local\Programs\Python\Python312\Lib\subprocess.py", line 571, in run
    raise CalledProcessError(retcode, process.args,
subprocess.CalledProcessError: Command '['python', 'scripts/quality/data_quality_checks.py']' returned non-zero exit status 2.

2025-12-26 14:19:20,175 | WARNING | Retrying step data_quality_checks after 1s...
2025-12-26 14:19:21,178 | INFO | Starting step: data_quality_checks (Attempt 2)
2025-12-26 14:19:21,259 | ERROR | Error in step data_quality_checks
2025-12-26 14:19:21,260 | ERROR | python: can't open file 'D:\\ecommerce-data-pipeline-23A91A05I4\\scripts\\quality\\data_quality_checks.py': [Errno 2] No such file or directory

2025-12-26 14:19:21,261 | ERROR | Traceback (most recent call last):
  File "D:\ecommerce-data-pipeline-23A91A05I4\scripts\pipeline_orchestrator.py", line 67, in run_step
    subprocess.run(
  File "C:\Users\HP\AppData\Local\Programs\Python\Python312\Lib\subprocess.py", line 571, in run
    raise CalledProcessError(retcode, process.args,
subprocess.CalledProcessError: Command '['python', 'scripts/quality/data_quality_checks.py']' returned non-zero exit status 2.

2025-12-26 14:19:21,261 | WARNING | Retrying step data_quality_checks after 2s...
2025-12-26 14:19:23,263 | INFO | Starting step: data_quality_checks (Attempt 3)
2025-12-26 14:19:23,346 | ERROR | Error in step data_quality_checks
2025-12-26 14:19:23,347 | ERROR | python: can't open file 'D:\\ecommerce-data-pipeline-23A91A05I4\\scripts\\quality\\data_quality_checks.py': [Errno 2] No such file or directory

2025-12-26 14:19:23,347 | ERROR | Traceback (most recent call last):
  File "D:\ecommerce-data-pipeline-23A91A05I4\scripts\pipeline_orchestrator.py", line 67, in run_step
    subprocess.run(
  File "C:\Users\HP\AppData\Local\Programs\Python\Python312\Lib\subprocess.py", line 571, in run
    raise CalledProcessError(retcode, process.args,
subprocess.CalledProcessError: Command '['python', 'scripts/quality/data_quality_checks.py']' returned non-zero exit status 2.

2025-12-26 14:19:23,348 | ERROR | Step failed permanently: data_quality_checks
2025-12-26 14:19:23,349 | INFO | ========== PIPELINE FINISHED ==========
2025-12-26 14:19:23,349 | INFO | Final Status: failed
2025-12-26 14:19:23,350 | INFO | Execution Report: data\processed\pipeline_execution_report.json
